<?xml version="1.0" encoding="UTF-8"?>
<testsuite name="service.InterestServiceCalculateTests" tests="2" skipped="0" failures="0" errors="0" timestamp="2022-07-12T20:53:12" hostname="DESKTOP-KF8V5QB" time="0.087">
  <properties/>
  <testcase name="shouldCalculateAndResponseAListOfThreeInterests()" classname="service.InterestServiceCalculateTests" time="0.071"/>
  <testcase name="shouldTheSumOfAllItemsShouldBeEqualToAmountPlusInterest()" classname="service.InterestServiceCalculateTests" time="0.011"/>
  <system-out><![CDATA[22:53:06.471 [Test worker] DEBUG org.springframework.test.context.BootstrapUtils - Instantiating CacheAwareContextLoaderDelegate from class [org.springframework.test.context.cache.DefaultCacheAwareContextLoaderDelegate]
22:53:06.504 [Test worker] DEBUG org.springframework.test.context.BootstrapUtils - Instantiating BootstrapContext using constructor [public org.springframework.test.context.support.DefaultBootstrapContext(java.lang.Class,org.springframework.test.context.CacheAwareContextLoaderDelegate)]
22:53:06.595 [Test worker] DEBUG org.springframework.test.context.BootstrapUtils - Instantiating TestContextBootstrapper for test class [service.InterestServiceCalculateTests] from class [org.springframework.boot.test.context.SpringBootTestContextBootstrapper]
22:53:06.615 [Test worker] INFO org.springframework.boot.test.context.SpringBootTestContextBootstrapper - Neither @ContextConfiguration nor @ContextHierarchy found for test class [service.InterestServiceCalculateTests], using SpringBootContextLoader
22:53:06.627 [Test worker] DEBUG org.springframework.test.context.support.AbstractContextLoader - Did not detect default resource location for test class [service.InterestServiceCalculateTests]: class path resource [service/InterestServiceCalculateTests-context.xml] does not exist
22:53:06.628 [Test worker] DEBUG org.springframework.test.context.support.AbstractContextLoader - Did not detect default resource location for test class [service.InterestServiceCalculateTests]: class path resource [service/InterestServiceCalculateTestsContext.groovy] does not exist
22:53:06.628 [Test worker] INFO org.springframework.test.context.support.AbstractContextLoader - Could not detect default resource locations for test class [service.InterestServiceCalculateTests]: no resource found for suffixes {-context.xml, Context.groovy}.
22:53:06.762 [Test worker] DEBUG org.springframework.test.context.support.ActiveProfilesUtils - Could not find an 'annotation declaring class' for annotation type [org.springframework.test.context.ActiveProfiles] and class [service.InterestServiceCalculateTests]
22:53:07.165 [Test worker] DEBUG org.springframework.boot.test.context.SpringBootTestContextBootstrapper - @TestExecutionListeners is not present for class [service.InterestServiceCalculateTests]: using defaults.
22:53:07.165 [Test worker] INFO org.springframework.boot.test.context.SpringBootTestContextBootstrapper - Loaded default TestExecutionListener class names from location [META-INF/spring.factories]: [org.springframework.boot.test.autoconfigure.restdocs.RestDocsTestExecutionListener, org.springframework.boot.test.autoconfigure.web.client.MockRestServiceServerResetTestExecutionListener, org.springframework.boot.test.autoconfigure.web.servlet.MockMvcPrintOnlyOnFailureTestExecutionListener, org.springframework.boot.test.autoconfigure.web.servlet.WebDriverTestExecutionListener, org.springframework.boot.test.autoconfigure.webservices.client.MockWebServiceServerTestExecutionListener, org.springframework.boot.test.mock.mockito.MockitoTestExecutionListener, org.springframework.boot.test.mock.mockito.ResetMocksTestExecutionListener, org.springframework.test.context.web.ServletTestExecutionListener, org.springframework.test.context.support.DirtiesContextBeforeModesTestExecutionListener, org.springframework.test.context.event.ApplicationEventsTestExecutionListener, org.springframework.test.context.support.DependencyInjectionTestExecutionListener, org.springframework.test.context.support.DirtiesContextTestExecutionListener, org.springframework.test.context.transaction.TransactionalTestExecutionListener, org.springframework.test.context.jdbc.SqlScriptsTestExecutionListener, org.springframework.test.context.event.EventPublishingTestExecutionListener]
22:53:07.235 [Test worker] INFO org.springframework.boot.test.context.SpringBootTestContextBootstrapper - Using TestExecutionListeners: [org.springframework.test.context.web.ServletTestExecutionListener@1252b961, org.springframework.test.context.support.DirtiesContextBeforeModesTestExecutionListener@9ed238c, org.springframework.test.context.event.ApplicationEventsTestExecutionListener@56276db8, org.springframework.boot.test.mock.mockito.MockitoTestExecutionListener@51e8e6e6, org.springframework.boot.test.autoconfigure.SpringBootDependencyInjectionTestExecutionListener@56f6d40b, org.springframework.test.context.support.DirtiesContextTestExecutionListener@36676c1a, org.springframework.test.context.transaction.TransactionalTestExecutionListener@5b408dc3, org.springframework.test.context.jdbc.SqlScriptsTestExecutionListener@4d098f9b, org.springframework.test.context.event.EventPublishingTestExecutionListener@2dbf4cbd, org.springframework.boot.test.autoconfigure.restdocs.RestDocsTestExecutionListener@20b5f2ac, org.springframework.boot.test.autoconfigure.web.client.MockRestServiceServerResetTestExecutionListener@7fc44dec, org.springframework.boot.test.autoconfigure.web.servlet.MockMvcPrintOnlyOnFailureTestExecutionListener@7e3060d8, org.springframework.boot.test.autoconfigure.web.servlet.WebDriverTestExecutionListener@293d0107, org.springframework.boot.test.autoconfigure.webservices.client.MockWebServiceServerTestExecutionListener@2692b61e, org.springframework.boot.test.mock.mockito.ResetMocksTestExecutionListener@7b64240d]
22:53:07.264 [Test worker] DEBUG org.springframework.test.context.support.AbstractDirtiesContextTestExecutionListener - Before test class: context [DefaultTestContext@5536379e testClass = InterestServiceCalculateTests, testInstance = [null], testMethod = [null], testException = [null], mergedContextConfiguration = [WebMergedContextConfiguration@277f7dd3 testClass = InterestServiceCalculateTests, locations = '{}', classes = '{class com.simple.interest.servicios.service.InterestServiceImpl}', contextInitializerClasses = '[]', activeProfiles = '{}', propertySourceLocations = '{}', propertySourceProperties = '{spring.main.lazy-initialization=true, org.springframework.boot.test.context.SpringBootTestContextBootstrapper=true}', contextCustomizers = set[org.springframework.boot.test.autoconfigure.actuate.metrics.MetricsExportContextCustomizerFactory$DisableMetricExportContextCustomizer@4b3ed2f0, org.springframework.boot.test.autoconfigure.properties.PropertyMappingContextCustomizer@0, org.springframework.boot.test.autoconfigure.web.servlet.WebDriverContextCustomizerFactory$Customizer@59b38691, org.springframework.boot.test.context.filter.ExcludeFilterContextCustomizer@7502291e, org.springframework.boot.test.json.DuplicateJsonObjectContextCustomizerFactory$DuplicateJsonObjectContextCustomizer@46944ca9, org.springframework.boot.test.mock.mockito.MockitoContextCustomizer@a3e9c5c8, org.springframework.boot.test.web.client.TestRestTemplateContextCustomizer@736caf7a, org.springframework.boot.test.context.SpringBootTestArgs@1, org.springframework.boot.test.context.SpringBootTestWebEnvironment@759d26fb], resourceBasePath = 'src/main/webapp', contextLoader = 'org.springframework.boot.test.context.SpringBootContextLoader', parent = [null]], attributes = map['org.springframework.test.context.web.ServletTestExecutionListener.activateListener' -> true]], class annotated with @DirtiesContext [false] with mode [null].

  .   ____          _            __ _ _
 /\\ / ___'_ __ _ _(_)_ __  __ _ \ \ \ \
( ( )\___ | '_ | '_| | '_ \/ _` | \ \ \ \
 \\/  ___)| |_)| | | | | || (_| |  ) ) ) )
  '  |____| .__|_| |_|_| |_\__, | / / / /
 =========|_|==============|___/=/_/_/_/
 :: Spring Boot ::                (v2.6.4)

2022-07-12 22:53:08.131  INFO 7232 --- [    Test worker] service.InterestServiceCalculateTests    : Starting InterestServiceCalculateTests using Java 17.0.3 on DESKTOP-KF8V5QB with PID 7232 (started by Excalibur in C:\Users\Excalibur\IdeaProjects\Simple-Interest)
2022-07-12 22:53:08.318  INFO 7232 --- [    Test worker] service.InterestServiceCalculateTests    : No active profile set, falling back to 1 default profile: "default"
2022-07-12 22:53:12.065  INFO 7232 --- [    Test worker] service.InterestServiceCalculateTests    : Started InterestServiceCalculateTests in 4.655 seconds (JVM running for 7.309)
]]></system-out>
  <system-err><![CDATA[]]></system-err>
</testsuite>
